ChapterX2/SimpleLayoutAdvance/build/intermediates/manifest_merge_blame_file/debug/manifest-merger-blame-debug-report.txt
1<?xml version="1.0" encoding="utf-8"?>
2<manifest xmlns:android="http://schemas.android.com/apk/res/android"
3    package="com.example.SimpleLayout"
4    android:versionCode="1"
5    android:versionName="1.0" >
6
7    <uses-sdk
8        android:minSdkVersion="15"
8-->src\main\AndroidManifest.xml
9        android:targetSdkVersion="15" />
9-->src\main\AndroidManifest.xml
10
11    <application
11-->src\main\AndroidManifest.xml:6:5-16:19
12        android:debuggable="true"
13        android:icon="@drawable/ic_launcher"
13-->src\main\AndroidManifest.xml:8:18-54
14        android:label="@string/app_name"
14-->src\main\AndroidManifest.xml:6:18-50
15        android:testOnly="true"
16        android:theme="@android:style/Theme.Light" >
16-->src\main\AndroidManifest.xml:7:18-60
17        <activity
17-->src\main\AndroidManifest.xml:9:9-15:20
18            android:name="com.example.SimpleLayout.MainActivity"
18-->src\main\AndroidManifest.xml:9:19-46
19            android:label="@string/app_name" >
19-->src\main\AndroidManifest.xml:10:19-51
20            <intent-filter>
20-->src\main\AndroidManifest.xml:11:13-14:29
21                <action android:name="android.intent.action.MAIN" />
21-->src\main\AndroidManifest.xml:12:17-68
21-->src\main\AndroidManifest.xml:12:25-66
22
23                <category android:name="android.intent.category.LAUNCHER" />
23-->src\main\AndroidManifest.xml:13:17-76
23-->src\main\AndroidManifest.xml:13:27-74
24            </intent-filter>
25        </activity>
26    </application>
27
28</manifest>